<?xml version="1.0" encoding="UTF-8"?>
<!-- Generated by org.testng.reporters.JUnitReportReporter -->
<testsuite hostname="DESKTOP-1VQ11OL" failures="0" tests="1" name="test.AddCustomerTest" time="7.685" errors="0" timestamp="2022-09-02T18:16:29 CDT" skipped="0">
  <testcase classname="test.AddCustomerTest" name="validUserShouldBeAbleToLogin" time="7.685"/>
  <system-out/>
</testsuite> <!-- test.AddCustomerTest -->
