<?xml version="1.0" encoding="UTF-8"?>
<!-- Generated by org.testng.reporters.JUnitReportReporter -->
<testsuite hostname="DESKTOP-1VQ11OL" failures="0" tests="1" name="test.LoginTest" time="2.181" errors="0" timestamp="2022-08-28T13:38:23 CDT" skipped="0">
  <testcase classname="test.LoginTest" name="validUserShouldBeAbleToLogin" time="2.181"/>
  <system-out/>
</testsuite> <!-- test.LoginTest -->
